<?xml version="1.0" encoding="UTF-8"?>
<!-- Generated by org.testng.reporters.JUnitReportReporter -->
<testsuite hostname="ychuang328-PC" name="cn.vko.common.util.TestCollectionUtil" tests="2" failures="0" timestamp="3 Mar 2014 07:02:53 GMT" time="0.020" errors="0">
  <testcase name="testSubList" time="0.002" classname="cn.vko.common.util.TestCollectionUtil"/>
  <testcase name="testList" time="0.018" classname="cn.vko.common.util.TestCollectionUtil"/>
</testsuite> <!-- cn.vko.common.util.TestCollectionUtil -->
