<?xml version="1.0" encoding="UTF-8"?>
<!-- Generated by org.testng.reporters.JUnitReportReporter -->
<testsuite hostname="ychuang328-PC" name="cn.vko.common.util.TestDateTimeUtil" tests="10" failures="0" timestamp="8 Jan 2014 11:09:48 GMT" time="0.136" errors="0">
  <testcase name="testToDateTime" time="0.000" classname="cn.vko.common.util.TestDateTimeUtil"/>
  <testcase name="testDayOfThisWeek" time="0.001" classname="cn.vko.common.util.TestDateTimeUtil"/>
  <testcase name="testDuration2time" time="0.001" classname="cn.vko.common.util.TestDateTimeUtil"/>
  <testcase name="testString2Date" time="0.001" classname="cn.vko.common.util.TestDateTimeUtil"/>
  <testcase name="testDayOfThisMonth" time="0.095" classname="cn.vko.common.util.TestDateTimeUtil"/>
  <testcase name="testString2Time" time="0.001" classname="cn.vko.common.util.TestDateTimeUtil"/>
  <testcase name="testNowStr" time="0.001" classname="cn.vko.common.util.TestDateTimeUtil"/>
  <testcase name="testGe" time="0.000" classname="cn.vko.common.util.TestDateTimeUtil"/>
  <testcase name="testPast" time="0.030" classname="cn.vko.common.util.TestDateTimeUtil"/>
  <testcase name="testDaysOfTwoTime" time="0.006" classname="cn.vko.common.util.TestDateTimeUtil"/>
</testsuite> <!-- cn.vko.common.util.TestDateTimeUtil -->
