<?xml version="1.0" encoding="UTF-8" ?>
<testsuite failures="0" time="0.082" errors="1" skipped="0" tests="1" name="com.weetui.core.email.WeeTuiEmailServiceTest">
  <properties>
    <property name="java.runtime.name" value="Java(TM) SE Runtime Environment"/>
    <property name="sun.boot.library.path" value="C:\Program Files (x86)\Java\jdk1.6.0_24\jre\bin"/>
    <property name="java.vm.version" value="19.1-b02"/>
    <property name="java.vm.vendor" value="Sun Microsystems Inc."/>
    <property name="java.vendor.url" value="http://java.sun.com/"/>
    <property name="path.separator" value=";"/>
    <property name="java.vm.name" value="Java HotSpot(TM) Client VM"/>
    <property name="file.encoding.pkg" value="sun.io"/>
    <property name="user.country" value="CN"/>
    <property name="sun.java.launcher" value="SUN_STANDARD"/>
    <property name="sun.os.patch.level" value="Service Pack 1"/>
    <property name="java.vm.specification.name" value="Java Virtual Machine Specification"/>
    <property name="user.dir" value="D:\dev\eclipse\workspace\vkoprojecttiku\vko-framework\vko-framework-core-parent\vko-core-mail"/>
    <property name="java.runtime.version" value="1.6.0_24-b07"/>
    <property name="java.awt.graphicsenv" value="sun.awt.Win32GraphicsEnvironment"/>
    <property name="basedir" value="D:\dev\eclipse\workspace\vkoprojecttiku\vko-framework\vko-framework-core-parent\vko-core-mail"/>
    <property name="java.endorsed.dirs" value="C:\Program Files (x86)\Java\jdk1.6.0_24\jre\lib\endorsed"/>
    <property name="os.arch" value="x86"/>
    <property name="surefire.real.class.path" value="D:\dev\eclipse\workspace\vkoprojecttiku\vko-framework\vko-framework-core-parent\vko-core-mail\target\surefire\surefirebooter9036659911072350191.jar"/>
    <property name="java.io.tmpdir" value="C:\Users\YCHUAN~1\AppData\Local\Temp\"/>
    <property name="line.separator" value="
"/>
    <property name="java.vm.specification.vendor" value="Sun Microsystems Inc."/>
    <property name="user.variant" value=""/>
    <property name="os.name" value="Windows 7"/>
    <property name="sun.jnu.encoding" value="GBK"/>
    <property name="java.library.path" value="C:\Program Files (x86)\Java\jdk1.6.0_24\jre\bin;.;C:\Windows\Sun\Java\bin;C:\Windows\system32;C:\Windows;C:/Program Files (x86)/Java/jre6/bin/client;C:/Program Files (x86)/Java/jre6/bin;C:/Program Files (x86)/Java/jre6/lib/i386;C:\Windows\system32;C:\Windows;C:\Windows\System32\Wbem;C:\Windows\System32\WindowsPowerShell\v1.0\;C:\Program Files (x86)\Java\jdk1.6.0_24\bin;%MAVEN_HOME%\bin;D:\Program Files (x86)\apache-maven-3.0.2-bin\apache-maven-3.0.2\bin;;C:\Program Files (x86)\Intel\OpenCL SDK\3.0\bin\x86;C:\Program Files (x86)\Intel\OpenCL SDK\3.0\bin\x64;D:\Program Files (x86)\TortoiseSVN\bin;%ECLIPSE_HOME%\eclipse;%PROGRAM_HOME%\Wiz;%PROGRAM_HOME%\Foxmail 7.1;D:\Program Files (x86)\nodejs\;D:\Program Files (x86)\IDM Computer Solutions\UltraEdit\;C:\Users\ychuang328\AppData\Roaming\npm;D:\dev\eclipse\eclipse;"/>
    <property name="surefire.test.class.path" value="D:\dev\eclipse\workspace\vkoprojecttiku\vko-framework\vko-framework-core-parent\vko-core-mail\target\test-classes;D:\dev\eclipse\workspace\vkoprojecttiku\vko-framework\vko-framework-core-parent\vko-core-mail\target\classes;D:\dev\repo\org\springframework\spring-core\3.1.2.RELEASE\spring-core-3.1.2.RELEASE.jar;D:\dev\repo\org\springframework\spring-asm\3.1.2.RELEASE\spring-asm-3.1.2.RELEASE.jar;D:\dev\repo\org\springframework\spring-beans\3.1.2.RELEASE\spring-beans-3.1.2.RELEASE.jar;D:\dev\repo\org\springframework\spring-context\3.1.2.RELEASE\spring-context-3.1.2.RELEASE.jar;D:\dev\repo\org\springframework\spring-aop\3.1.2.RELEASE\spring-aop-3.1.2.RELEASE.jar;D:\dev\repo\org\springframework\spring-expression\3.1.2.RELEASE\spring-expression-3.1.2.RELEASE.jar;D:\dev\repo\org\springframework\spring-context-support\3.1.2.RELEASE\spring-context-support-3.1.2.RELEASE.jar;D:\dev\repo\junit\junit\4.7\junit-4.7.jar;D:\dev\repo\javax\mail\mail\1.4.1\mail-1.4.1.jar;D:\dev\repo\javax\activation\activation\1.1\activation-1.1.jar;D:\dev\repo\com\icegreen\greenmail\1.3.1b\greenmail-1.3.1b.jar;D:\dev\repo\org\slf4j\slf4j-api\1.6.1\slf4j-api-1.6.1.jar;D:\dev\repo\commons-io\commons-io\2.4\commons-io-2.4.jar;D:\dev\repo\ch\qos\logback\logback-classic\1.0.13\logback-classic-1.0.13.jar;D:\dev\repo\ch\qos\logback\logback-core\1.0.13\logback-core-1.0.13.jar;D:\dev\repo\org\springframework\spring-webmvc\3.1.2.RELEASE\spring-webmvc-3.1.2.RELEASE.jar;D:\dev\repo\org\springframework\spring-web\3.1.2.RELEASE\spring-web-3.1.2.RELEASE.jar;D:\dev\repo\aopalliance\aopalliance\1.0\aopalliance-1.0.jar;"/>
    <property name="java.specification.name" value="Java Platform API Specification"/>
    <property name="java.class.version" value="50.0"/>
    <property name="sun.management.compiler" value="HotSpot Client Compiler"/>
    <property name="os.version" value="6.1"/>
    <property name="user.home" value="C:\Users\ychuang328"/>
    <property name="user.timezone" value=""/>
    <property name="java.awt.printerjob" value="sun.awt.windows.WPrinterJob"/>
    <property name="java.specification.version" value="1.6"/>
    <property name="file.encoding" value="GBK"/>
    <property name="user.name" value="ychuang328"/>
    <property name="java.class.path" value="D:\dev\eclipse\workspace\vkoprojecttiku\vko-framework\vko-framework-core-parent\vko-core-mail\target\test-classes;D:\dev\eclipse\workspace\vkoprojecttiku\vko-framework\vko-framework-core-parent\vko-core-mail\target\classes;D:\dev\repo\org\springframework\spring-core\3.1.2.RELEASE\spring-core-3.1.2.RELEASE.jar;D:\dev\repo\org\springframework\spring-asm\3.1.2.RELEASE\spring-asm-3.1.2.RELEASE.jar;D:\dev\repo\org\springframework\spring-beans\3.1.2.RELEASE\spring-beans-3.1.2.RELEASE.jar;D:\dev\repo\org\springframework\spring-context\3.1.2.RELEASE\spring-context-3.1.2.RELEASE.jar;D:\dev\repo\org\springframework\spring-aop\3.1.2.RELEASE\spring-aop-3.1.2.RELEASE.jar;D:\dev\repo\org\springframework\spring-expression\3.1.2.RELEASE\spring-expression-3.1.2.RELEASE.jar;D:\dev\repo\org\springframework\spring-context-support\3.1.2.RELEASE\spring-context-support-3.1.2.RELEASE.jar;D:\dev\repo\junit\junit\4.7\junit-4.7.jar;D:\dev\repo\javax\mail\mail\1.4.1\mail-1.4.1.jar;D:\dev\repo\javax\activation\activation\1.1\activation-1.1.jar;D:\dev\repo\com\icegreen\greenmail\1.3.1b\greenmail-1.3.1b.jar;D:\dev\repo\org\slf4j\slf4j-api\1.6.1\slf4j-api-1.6.1.jar;D:\dev\repo\commons-io\commons-io\2.4\commons-io-2.4.jar;D:\dev\repo\ch\qos\logback\logback-classic\1.0.13\logback-classic-1.0.13.jar;D:\dev\repo\ch\qos\logback\logback-core\1.0.13\logback-core-1.0.13.jar;D:\dev\repo\org\springframework\spring-webmvc\3.1.2.RELEASE\spring-webmvc-3.1.2.RELEASE.jar;D:\dev\repo\org\springframework\spring-web\3.1.2.RELEASE\spring-web-3.1.2.RELEASE.jar;D:\dev\repo\aopalliance\aopalliance\1.0\aopalliance-1.0.jar;"/>
    <property name="java.vm.specification.version" value="1.0"/>
    <property name="sun.arch.data.model" value="32"/>
    <property name="java.home" value="C:\Program Files (x86)\Java\jdk1.6.0_24\jre"/>
    <property name="java.specification.vendor" value="Sun Microsystems Inc."/>
    <property name="user.language" value="zh"/>
    <property name="awt.toolkit" value="sun.awt.windows.WToolkit"/>
    <property name="java.vm.info" value="mixed mode, sharing"/>
    <property name="java.version" value="1.6.0_24"/>
    <property name="java.ext.dirs" value="C:\Program Files (x86)\Java\jdk1.6.0_24\jre\lib\ext;C:\Windows\Sun\Java\lib\ext"/>
    <property name="sun.boot.class.path" value="C:\Program Files (x86)\Java\jdk1.6.0_24\jre\lib\resources.jar;C:\Program Files (x86)\Java\jdk1.6.0_24\jre\lib\rt.jar;C:\Program Files (x86)\Java\jdk1.6.0_24\jre\lib\sunrsasign.jar;C:\Program Files (x86)\Java\jdk1.6.0_24\jre\lib\jsse.jar;C:\Program Files (x86)\Java\jdk1.6.0_24\jre\lib\jce.jar;C:\Program Files (x86)\Java\jdk1.6.0_24\jre\lib\charsets.jar;C:\Program Files (x86)\Java\jdk1.6.0_24\jre\lib\modules\jdk.boot.jar;C:\Program Files (x86)\Java\jdk1.6.0_24\jre\classes"/>
    <property name="java.vendor" value="Sun Microsystems Inc."/>
    <property name="localRepository" value="D:\dev\repo"/>
    <property name="file.separator" value="\"/>
    <property name="java.vendor.url.bug" value="http://java.sun.com/cgi-bin/bugreport.cgi"/>
    <property name="sun.cpu.endian" value="little"/>
    <property name="sun.io.unicode.encoding" value="UnicodeLittle"/>
    <property name="sun.desktop" value="windows"/>
    <property name="sun.cpu.isalist" value="pentium_pro+mmx pentium_pro pentium+mmx pentium i486 i386 i86"/>
  </properties>
  <testcase time="0.047" classname="com.weetui.core.email.WeeTuiEmailServiceTest" name="testSendMail">
    <error message="org/apache/commons/logging/LogFactory" type="java.lang.NoClassDefFoundError">java.lang.NoClassDefFoundError: org/apache/commons/logging/LogFactory
	at org.springframework.context.support.AbstractApplicationContext.&lt;init&gt;(AbstractApplicationContext.java:161)
	at org.springframework.context.support.AbstractRefreshableApplicationContext.&lt;init&gt;(AbstractRefreshableApplicationContext.java:90)
	at org.springframework.context.support.AbstractRefreshableConfigApplicationContext.&lt;init&gt;(AbstractRefreshableConfigApplicationContext.java:59)
	at org.springframework.context.support.AbstractXmlApplicationContext.&lt;init&gt;(AbstractXmlApplicationContext.java:61)
	at org.springframework.context.support.ClassPathXmlApplicationContext.&lt;init&gt;(ClassPathXmlApplicationContext.java:136)
	at org.springframework.context.support.ClassPathXmlApplicationContext.&lt;init&gt;(ClassPathXmlApplicationContext.java:83)
	at com.weetui.core.email.WeeTuiEmailServiceTest.testSendMail(WeeTuiEmailServiceTest.java:34)
	at sun.reflect.NativeMethodAccessorImpl.invoke0(Native Method)
	at sun.reflect.NativeMethodAccessorImpl.invoke(NativeMethodAccessorImpl.java:39)
	at sun.reflect.DelegatingMethodAccessorImpl.invoke(DelegatingMethodAccessorImpl.java:25)
	at java.lang.reflect.Method.invoke(Method.java:597)
	at org.junit.runners.model.FrameworkMethod$1.runReflectiveCall(FrameworkMethod.java:44)
	at org.junit.internal.runners.model.ReflectiveCallable.run(ReflectiveCallable.java:15)
	at org.junit.runners.model.FrameworkMethod.invokeExplosively(FrameworkMethod.java:41)
	at org.junit.internal.runners.statements.InvokeMethod.evaluate(InvokeMethod.java:20)
	at org.junit.internal.runners.statements.RunBefores.evaluate(RunBefores.java:28)
	at org.junit.internal.runners.statements.RunAfters.evaluate(RunAfters.java:31)
	at org.junit.runners.BlockJUnit4ClassRunner.runChild(BlockJUnit4ClassRunner.java:76)
	at org.junit.runners.BlockJUnit4ClassRunner.runChild(BlockJUnit4ClassRunner.java:50)
	at org.junit.runners.ParentRunner$3.run(ParentRunner.java:193)
	at org.junit.runners.ParentRunner$1.schedule(ParentRunner.java:52)
	at org.junit.runners.ParentRunner.runChildren(ParentRunner.java:191)
	at org.junit.runners.ParentRunner.access$000(ParentRunner.java:42)
	at org.junit.runners.ParentRunner$2.evaluate(ParentRunner.java:184)
	at org.junit.runners.ParentRunner.run(ParentRunner.java:236)
	at org.apache.maven.surefire.junit4.JUnit4TestSet.execute(JUnit4TestSet.java:35)
	at org.apache.maven.surefire.junit4.JUnit4Provider.executeTestSet(JUnit4Provider.java:146)
	at org.apache.maven.surefire.junit4.JUnit4Provider.invoke(JUnit4Provider.java:97)
	at sun.reflect.NativeMethodAccessorImpl.invoke0(Native Method)
	at sun.reflect.NativeMethodAccessorImpl.invoke(NativeMethodAccessorImpl.java:39)
	at sun.reflect.DelegatingMethodAccessorImpl.invoke(DelegatingMethodAccessorImpl.java:25)
	at java.lang.reflect.Method.invoke(Method.java:597)
	at org.apache.maven.surefire.booter.ProviderFactory$ClassLoaderProxy.invoke(ProviderFactory.java:103)
	at $Proxy0.invoke(Unknown Source)
	at org.apache.maven.surefire.booter.SurefireStarter.invokeProvider(SurefireStarter.java:145)
	at org.apache.maven.surefire.booter.SurefireStarter.runSuitesInProcess(SurefireStarter.java:87)
	at org.apache.maven.surefire.booter.ForkedBooter.main(ForkedBooter.java:69)
Caused by: java.lang.ClassNotFoundException: org.apache.commons.logging.LogFactory
	at java.net.URLClassLoader$1.run(URLClassLoader.java:202)
	at java.security.AccessController.doPrivileged(Native Method)
	at java.net.URLClassLoader.findClass(URLClassLoader.java:190)
	at java.lang.ClassLoader.loadClass(ClassLoader.java:307)
	at sun.misc.Launcher$AppClassLoader.loadClass(Launcher.java:301)
	at java.lang.ClassLoader.loadClass(ClassLoader.java:248)
	... 37 more
</error>
    <system-out>@HL
@HL-------------------------------------------------------
@HL T E S T S
@HL-------------------------------------------------------
@SLRunning com.weetui.core.email.WeeTuiEmailServiceTest
</system-out>
  </testcase>
</testsuite>